<?xml version="1.0" encoding="UTF-8"?>
<!-- Generated by org.testng.reporters.JUnitReportReporter -->
<testsuite hostname="LAPTOP-LIAKTO4M" failures="0" tests="2" name="testRunner.TestRunner" time="9.275" errors="0" timestamp="5 Nov 2021 07:54:40 GMT">
  <testcase classname="testRunner.TestRunner" name="runScenario" time="4.647"/>
  <testcase classname="testRunner.TestRunner" name="runScenario" time="4.628"/>
</testsuite> <!-- testRunner.TestRunner -->
