<?xml version="1.0" encoding="UTF-8"?>
<!-- Generated by org.testng.reporters.JUnitReportReporter -->
<testsuite hostname="LAPTOP-LIAKTO4M" failures="0" tests="1" name="testing.TestSet2" time="3.552" errors="0" timestamp="3 Nov 2021 11:13:06 GMT">
  <testcase classname="testing.TestSet2" name="validateTitle" time="3.552"/>
</testsuite> <!-- testing.TestSet2 -->
