<?xml version="1.0" encoding="UTF-8"?>
<!-- Generated by org.testng.reporters.JUnitReportReporter -->
<testsuite hostname="LAPTOP-LIAKTO4M" failures="0" tests="2" name="testing.TestSet1" time="10.484" errors="0" timestamp="3 Nov 2021 11:13:06 GMT">
  <testcase classname="testing.TestSet1" name="validateLogin" time="5.508"/>
  <testcase classname="testing.TestSet1" name="validateLogin" time="4.976"/>
</testsuite> <!-- testing.TestSet1 -->
